2024-10-14T00:00:48.503-03:00  INFO 1718668 --- [msleitor] [AsyncResolver-bootstrap-executor-%d] c.n.d.s.r.aws.ConfigClusterResolver      : Resolving eureka endpoints via configuration
2024-10-14T00:00:48.910-03:00  INFO 1718668 --- [msleitor] [http-nio-auto-1-exec-1] o.a.c.c.C.[.[localhost].[/api/v1]        : Initializing Spring DispatcherServlet 'dispatcherServlet'
2024-10-14T00:00:48.910-03:00  INFO 1718668 --- [msleitor] [http-nio-auto-1-exec-1] o.s.web.servlet.DispatcherServlet        : Initializing Servlet 'dispatcherServlet'
2024-10-14T00:00:48.911-03:00  INFO 1718668 --- [msleitor] [http-nio-auto-1-exec-1] o.s.web.servlet.DispatcherServlet        : Completed initialization in 1 ms
2024-10-14T00:03:05.098-03:00  INFO 1718668 --- [msleitor] [File Watcher] rtingClassPathChangeChangedEventListener : Restarting due to 1 class path change (0 additions, 0 deletions, 1 modification)
2024-10-14T00:03:05.100-03:00  INFO 1718668 --- [msleitor] [Thread-6] o.s.c.n.e.s.EurekaServiceRegistry        : Unregistering application MSLEITOR with eureka with status DOWN
2024-10-14T00:03:05.101-03:00  INFO 1718668 --- [msleitor] [Thread-6] com.netflix.discovery.DiscoveryClient    : Saw local status change event StatusChangeEvent [timestamp=1728874985101, current=DOWN, previous=UP]
2024-10-14T00:03:05.101-03:00  INFO 1718668 --- [msleitor] [DiscoveryClient-InstanceInfoReplicator-%d] com.netflix.discovery.DiscoveryClient    : DiscoveryClient_MSLEITOR/msleitor:b23323bbac59599ac7e2f93c240baa3a: registering service...
2024-10-14T00:03:05.110-03:00  INFO 1718668 --- [msleitor] [org.springframework.amqp.rabbit.RabbitListenerEndpointContainer#0-2] o.s.a.r.l.SimpleMessageListenerContainer : Waiting for workers to finish.
2024-10-14T00:03:05.201-03:00  INFO 1718668 --- [msleitor] [DiscoveryClient-InstanceInfoReplicator-%d] com.netflix.discovery.DiscoveryClient    : DiscoveryClient_MSLEITOR/msleitor:b23323bbac59599ac7e2f93c240baa3a - registration status: 204
2024-10-14T00:03:05.615-03:00  INFO 1718668 --- [msleitor] [org.springframework.amqp.rabbit.RabbitListenerEndpointContainer#0-2] o.s.a.r.l.SimpleMessageListenerContainer : Successfully waited for workers to finish.
2024-10-14T00:03:05.635-03:00  INFO 1718668 --- [msleitor] [Thread-6] j.LocalContainerEntityManagerFactoryBean : Closing JPA EntityManagerFactory for persistence unit 'default'
2024-10-14T00:03:05.639-03:00  INFO 1718668 --- [msleitor] [Thread-6] com.zaxxer.hikari.HikariDataSource       : HikariPool-1 - Shutdown initiated...
2024-10-14T00:03:05.645-03:00  INFO 1718668 --- [msleitor] [Thread-6] com.zaxxer.hikari.HikariDataSource       : HikariPool-1 - Shutdown completed.
2024-10-14T00:03:05.646-03:00  INFO 1718668 --- [msleitor] [Thread-6] com.netflix.discovery.DiscoveryClient    : Shutting down DiscoveryClient ...
2024-10-14T00:03:08.647-03:00  INFO 1718668 --- [msleitor] [Thread-6] com.netflix.discovery.DiscoveryClient    : Unregistering ...
2024-10-14T00:03:08.770-03:00  INFO 1718668 --- [msleitor] [Thread-6] com.netflix.discovery.DiscoveryClient    : DiscoveryClient_MSLEITOR/msleitor:b23323bbac59599ac7e2f93c240baa3a - deregister  status: 200
2024-10-14T00:03:08.770-03:00  INFO 1718668 --- [msleitor] [Thread-6] com.netflix.discovery.DiscoveryClient    : Completed shut down of DiscoveryClient
2024-10-14T00:03:08.905-03:00  INFO 1718668 --- [msleitor] [restartedMain] i.g.c.msleitor.MsleitorApplication       : Starting MsleitorApplication using Java 17.0.10 with PID 1718668 (/home/credisfera/Documents/projetos-estudos/desafio-viasoft/msleitor/target/classes started by credisfera in /home/credisfera/Documents/projetos-estudos/desafio-viasoft/msleitor)
2024-10-14T00:03:08.905-03:00  INFO 1718668 --- [msleitor] [restartedMain] i.g.c.msleitor.MsleitorApplication       : The following 1 profile is active: "dev"
2024-10-14T00:03:09.115-03:00  INFO 1718668 --- [msleitor] [restartedMain] .s.d.r.c.RepositoryConfigurationDelegate : Bootstrapping Spring Data JPA repositories in DEFAULT mode.
2024-10-14T00:03:09.124-03:00  INFO 1718668 --- [msleitor] [restartedMain] .s.d.r.c.RepositoryConfigurationDelegate : Finished Spring Data repository scanning in 8 ms. Found 1 JPA repository interface.
2024-10-14T00:03:09.191-03:00  INFO 1718668 --- [msleitor] [restartedMain] o.s.cloud.context.scope.GenericScope     : BeanFactory id=f7c4b65d-5836-3861-a578-aebde2925f8f
2024-10-14T00:03:09.218-03:00  WARN 1718668 --- [msleitor] [restartedMain] trationDelegate$BeanPostProcessorChecker : Bean 'org.springframework.cloud.client.loadbalancer.LoadBalancerAutoConfiguration$DeferringLoadBalancerInterceptorConfig' of type [org.springframework.cloud.client.loadbalancer.LoadBalancerAutoConfiguration$DeferringLoadBalancerInterceptorConfig] is not eligible for getting processed by all BeanPostProcessors (for example: not eligible for auto-proxying). The currently created BeanPostProcessor [lbRestClientPostProcessor] is declared through a non-static factory method on that class; consider declaring it as static instead.
2024-10-14T00:03:09.219-03:00  WARN 1718668 --- [msleitor] [restartedMain] trationDelegate$BeanPostProcessorChecker : Bean 'deferringLoadBalancerInterceptor' of type [org.springframework.cloud.client.loadbalancer.DeferringLoadBalancerInterceptor] is not eligible for getting processed by all BeanPostProcessors (for example: not eligible for auto-proxying). Is this bean getting eagerly injected into a currently created BeanPostProcessor [lbRestClientPostProcessor]? Check the corresponding BeanPostProcessor declaration and its dependencies.
2024-10-14T00:03:09.274-03:00  INFO 1718668 --- [msleitor] [restartedMain] o.s.b.w.embedded.tomcat.TomcatWebServer  : Tomcat initialized with port 0 (http)
2024-10-14T00:03:09.275-03:00  INFO 1718668 --- [msleitor] [restartedMain] o.apache.catalina.core.StandardService   : Starting service [Tomcat]
2024-10-14T00:03:09.275-03:00  INFO 1718668 --- [msleitor] [restartedMain] o.apache.catalina.core.StandardEngine    : Starting Servlet engine: [Apache Tomcat/10.1.30]
2024-10-14T00:03:09.287-03:00  INFO 1718668 --- [msleitor] [restartedMain] o.a.c.c.C.[.[localhost].[/api/v1]        : Initializing Spring embedded WebApplicationContext
2024-10-14T00:03:09.288-03:00  INFO 1718668 --- [msleitor] [restartedMain] w.s.c.ServletWebServerApplicationContext : Root WebApplicationContext: initialization completed in 380 ms
2024-10-14T00:03:09.325-03:00  INFO 1718668 --- [msleitor] [restartedMain] o.hibernate.jpa.internal.util.LogHelper  : HHH000204: Processing PersistenceUnitInfo [name: default]
2024-10-14T00:03:09.327-03:00  INFO 1718668 --- [msleitor] [restartedMain] o.h.c.internal.RegionFactoryInitiator    : HHH000026: Second-level cache disabled
2024-10-14T00:03:09.335-03:00  INFO 1718668 --- [msleitor] [restartedMain] o.s.o.j.p.SpringPersistenceUnitInfo      : No LoadTimeWeaver setup: ignoring JPA class transformer
2024-10-14T00:03:09.337-03:00  INFO 1718668 --- [msleitor] [restartedMain] com.zaxxer.hikari.HikariDataSource       : HikariPool-2 - Starting...
2024-10-14T00:03:09.350-03:00  INFO 1718668 --- [msleitor] [restartedMain] com.zaxxer.hikari.pool.HikariPool        : HikariPool-2 - Added connection com.mysql.cj.jdbc.ConnectionImpl@1b558b92
2024-10-14T00:03:09.351-03:00  INFO 1718668 --- [msleitor] [restartedMain] com.zaxxer.hikari.HikariDataSource       : HikariPool-2 - Start completed.
2024-10-14T00:03:09.381-03:00  INFO 1718668 --- [msleitor] [restartedMain] o.h.e.t.j.p.i.JtaPlatformInitiator       : HHH000489: No JTA platform available (set 'hibernate.transaction.jta.platform' to enable JTA platform integration)
2024-10-14T00:03:09.391-03:00  INFO 1718668 --- [msleitor] [restartedMain] j.LocalContainerEntityManagerFactoryBean : Initialized JPA EntityManagerFactory for persistence unit 'default'
2024-10-14T00:03:09.682-03:00  INFO 1718668 --- [msleitor] [restartedMain] o.s.b.d.a.OptionalLiveReloadServer       : LiveReload server is running on port 35729
2024-10-14T00:03:09.795-03:00  INFO 1718668 --- [msleitor] [restartedMain] DiscoveryClientOptionalArgsConfiguration : Eureka HTTP Client uses RestTemplate.
2024-10-14T00:03:09.817-03:00  WARN 1718668 --- [msleitor] [restartedMain] iguration$LoadBalancerCaffeineWarnLogger : Spring Cloud LoadBalancer is currently working with the default cache. While this cache implementation is useful for development and tests, it's recommended to use Caffeine cache in production.You can switch to using Caffeine cache, by adding it and org.springframework.cache.caffeine.CaffeineCacheManager to the classpath.
2024-10-14T00:03:09.851-03:00  INFO 1718668 --- [msleitor] [restartedMain] o.s.b.w.embedded.tomcat.TomcatWebServer  : Tomcat started on port 44879 (http) with context path '/api/v1'
2024-10-14T00:03:09.852-03:00  INFO 1718668 --- [msleitor] [restartedMain] .s.c.n.e.s.EurekaAutoServiceRegistration : Updating port to 44879
2024-10-14T00:03:09.854-03:00  INFO 1718668 --- [msleitor] [restartedMain] o.s.c.n.eureka.InstanceInfoFactory       : Setting initial instance status as: STARTING
2024-10-14T00:03:09.857-03:00  INFO 1718668 --- [msleitor] [restartedMain] com.netflix.discovery.DiscoveryClient    : Initializing Eureka in region us-east-1
2024-10-14T00:03:09.857-03:00  INFO 1718668 --- [msleitor] [restartedMain] c.n.d.s.r.aws.ConfigClusterResolver      : Resolving eureka endpoints via configuration
2024-10-14T00:03:09.857-03:00  INFO 1718668 --- [msleitor] [restartedMain] com.netflix.discovery.DiscoveryClient    : Disable delta property : false
2024-10-14T00:03:09.857-03:00  INFO 1718668 --- [msleitor] [restartedMain] com.netflix.discovery.DiscoveryClient    : Single vip registry refresh property : null
2024-10-14T00:03:09.858-03:00  INFO 1718668 --- [msleitor] [restartedMain] com.netflix.discovery.DiscoveryClient    : Force full registry fetch : false
2024-10-14T00:03:09.858-03:00  INFO 1718668 --- [msleitor] [restartedMain] com.netflix.discovery.DiscoveryClient    : Application is null : false
2024-10-14T00:03:09.858-03:00  INFO 1718668 --- [msleitor] [restartedMain] com.netflix.discovery.DiscoveryClient    : Registered Applications size is zero : true
2024-10-14T00:03:09.858-03:00  INFO 1718668 --- [msleitor] [restartedMain] com.netflix.discovery.DiscoveryClient    : Application version is -1: true
2024-10-14T00:03:09.858-03:00  INFO 1718668 --- [msleitor] [restartedMain] com.netflix.discovery.DiscoveryClient    : Getting all instance registry info from the eureka server
2024-10-14T00:03:09.966-03:00  INFO 1718668 --- [msleitor] [restartedMain] com.netflix.discovery.DiscoveryClient    : The response status is 200
2024-10-14T00:03:09.966-03:00  INFO 1718668 --- [msleitor] [restartedMain] com.netflix.discovery.DiscoveryClient    : Starting heartbeat executor: renew interval is: 30
2024-10-14T00:03:09.966-03:00  INFO 1718668 --- [msleitor] [restartedMain] c.n.discovery.InstanceInfoReplicator     : InstanceInfoReplicator onDemand update allowed rate per min is 4
2024-10-14T00:03:09.967-03:00  INFO 1718668 --- [msleitor] [restartedMain] com.netflix.discovery.DiscoveryClient    : Discovery Client initialized at timestamp 1728874989967 with initial instances count: 4
2024-10-14T00:03:09.968-03:00  INFO 1718668 --- [msleitor] [restartedMain] o.s.c.n.e.s.EurekaServiceRegistry        : Registering application MSLEITOR with eureka with status UP
2024-10-14T00:03:09.969-03:00  INFO 1718668 --- [msleitor] [restartedMain] com.netflix.discovery.DiscoveryClient    : Saw local status change event StatusChangeEvent [timestamp=1728874989969, current=UP, previous=STARTING]
2024-10-14T00:03:09.969-03:00  INFO 1718668 --- [msleitor] [DiscoveryClient-InstanceInfoReplicator-%d] com.netflix.discovery.DiscoveryClient    : DiscoveryClient_MSLEITOR/msleitor:fdedec50cfc87a7c38d1d1546a3f5996: registering service...
2024-10-14T00:03:10.005-03:00  INFO 1718668 --- [msleitor] [restartedMain] o.s.a.r.c.CachingConnectionFactory       : Attempting to connect to: [localhost:5672]
2024-10-14T00:03:10.010-03:00  INFO 1718668 --- [msleitor] [restartedMain] o.s.a.r.c.CachingConnectionFactory       : Created new connection: rabbitConnectionFactory#b20752e:0/SimpleConnection@c020fc6 [delegate=amqp://clovis.gargione@127.0.0.1:5672/, localPort=52504]
2024-10-14T00:03:10.049-03:00  INFO 1718668 --- [msleitor] [restartedMain] i.g.c.msleitor.MsleitorApplication       : Started MsleitorApplication in 1.22 seconds (process running for 746.598)
2024-10-14T00:03:10.052-03:00  INFO 1718668 --- [msleitor] [restartedMain] .ConditionEvaluationDeltaLoggingListener : Condition evaluation unchanged
2024-10-14T00:03:10.066-03:00  INFO 1718668 --- [msleitor] [DiscoveryClient-InstanceInfoReplicator-%d] com.netflix.discovery.DiscoveryClient    : DiscoveryClient_MSLEITOR/msleitor:fdedec50cfc87a7c38d1d1546a3f5996 - registration status: 204
2024-10-14T00:03:28.955-03:00  INFO 1718668 --- [msleitor] [org.springframework.amqp.rabbit.RabbitListenerEndpointContainer#0-1] i.g.c.m.i.m.ExcluirLeitorSubscriber      : Solicitação para excluir leitor recebida..
2024-10-14T00:03:28.962-03:00  INFO 1718668 --- [msleitor] [org.springframework.amqp.rabbit.RabbitListenerEndpointContainer#0-1] i.g.c.m.i.m.ExcluirLeitorSubscriber      : Solicitação para excluir estante enviada..
2024-10-14T00:05:41.878-03:00  INFO 1718668 --- [msleitor] [http-nio-auto-2-exec-1] o.a.c.c.C.[.[localhost].[/api/v1]        : Initializing Spring DispatcherServlet 'dispatcherServlet'
2024-10-14T00:05:41.878-03:00  INFO 1718668 --- [msleitor] [http-nio-auto-2-exec-1] o.s.web.servlet.DispatcherServlet        : Initializing Servlet 'dispatcherServlet'
2024-10-14T00:05:41.879-03:00  INFO 1718668 --- [msleitor] [http-nio-auto-2-exec-1] o.s.web.servlet.DispatcherServlet        : Completed initialization in 1 ms
2024-10-14T00:08:09.859-03:00  INFO 1718668 --- [msleitor] [AsyncResolver-bootstrap-executor-%d] c.n.d.s.r.aws.ConfigClusterResolver      : Resolving eureka endpoints via configuration
2024-10-14T00:13:09.860-03:00  INFO 1718668 --- [msleitor] [AsyncResolver-bootstrap-executor-%d] c.n.d.s.r.aws.ConfigClusterResolver      : Resolving eureka endpoints via configuration
2024-10-14T00:18:09.863-03:00  INFO 1718668 --- [msleitor] [AsyncResolver-bootstrap-executor-%d] c.n.d.s.r.aws.ConfigClusterResolver      : Resolving eureka endpoints via configuration
2024-10-14T00:23:09.867-03:00  INFO 1718668 --- [msleitor] [AsyncResolver-bootstrap-executor-%d] c.n.d.s.r.aws.ConfigClusterResolver      : Resolving eureka endpoints via configuration
2024-10-14T00:28:09.869-03:00  INFO 1718668 --- [msleitor] [AsyncResolver-bootstrap-executor-%d] c.n.d.s.r.aws.ConfigClusterResolver      : Resolving eureka endpoints via configuration
2024-10-14T00:33:09.872-03:00  INFO 1718668 --- [msleitor] [AsyncResolver-bootstrap-executor-%d] c.n.d.s.r.aws.ConfigClusterResolver      : Resolving eureka endpoints via configuration
2024-10-14T00:38:09.872-03:00  INFO 1718668 --- [msleitor] [AsyncResolver-bootstrap-executor-%d] c.n.d.s.r.aws.ConfigClusterResolver      : Resolving eureka endpoints via configuration
2024-10-14T00:43:09.873-03:00  INFO 1718668 --- [msleitor] [AsyncResolver-bootstrap-executor-%d] c.n.d.s.r.aws.ConfigClusterResolver      : Resolving eureka endpoints via configuration
2024-10-14T00:48:09.874-03:00  INFO 1718668 --- [msleitor] [AsyncResolver-bootstrap-executor-%d] c.n.d.s.r.aws.ConfigClusterResolver      : Resolving eureka endpoints via configuration
2024-10-14T00:53:09.875-03:00  INFO 1718668 --- [msleitor] [AsyncResolver-bootstrap-executor-%d] c.n.d.s.r.aws.ConfigClusterResolver      : Resolving eureka endpoints via configuration
2024-10-14T00:58:09.879-03:00  INFO 1718668 --- [msleitor] [AsyncResolver-bootstrap-executor-%d] c.n.d.s.r.aws.ConfigClusterResolver      : Resolving eureka endpoints via configuration
2024-10-14T01:03:09.880-03:00  INFO 1718668 --- [msleitor] [AsyncResolver-bootstrap-executor-%d] c.n.d.s.r.aws.ConfigClusterResolver      : Resolving eureka endpoints via configuration
2024-10-14T01:08:02.393-03:00  INFO 1718668 --- [msleitor] [http-nio-auto-2-exec-9] o.springdoc.api.AbstractOpenApiResource  : Init duration for springdoc-openapi is: 342 ms
2024-10-14T01:08:09.881-03:00  INFO 1718668 --- [msleitor] [AsyncResolver-bootstrap-executor-%d] c.n.d.s.r.aws.ConfigClusterResolver      : Resolving eureka endpoints via configuration
2024-10-14T01:09:15.543-03:00  INFO 1718668 --- [msleitor] [File Watcher] rtingClassPathChangeChangedEventListener : Restarting due to 1 class path change (0 additions, 0 deletions, 1 modification)
2024-10-14T01:09:15.552-03:00  INFO 1718668 --- [msleitor] [Thread-9] o.s.c.n.e.s.EurekaServiceRegistry        : Unregistering application MSLEITOR with eureka with status DOWN
2024-10-14T01:09:15.553-03:00  INFO 1718668 --- [msleitor] [Thread-9] com.netflix.discovery.DiscoveryClient    : Saw local status change event StatusChangeEvent [timestamp=1728878955553, current=DOWN, previous=UP]
2024-10-14T01:09:15.554-03:00  INFO 1718668 --- [msleitor] [DiscoveryClient-InstanceInfoReplicator-%d] com.netflix.discovery.DiscoveryClient    : DiscoveryClient_MSLEITOR/msleitor:fdedec50cfc87a7c38d1d1546a3f5996: registering service...
2024-10-14T01:09:15.574-03:00  INFO 1718668 --- [msleitor] [org.springframework.amqp.rabbit.RabbitListenerEndpointContainer#0-2] o.s.a.r.l.SimpleMessageListenerContainer : Waiting for workers to finish.
2024-10-14T01:09:15.658-03:00  INFO 1718668 --- [msleitor] [DiscoveryClient-InstanceInfoReplicator-%d] com.netflix.discovery.DiscoveryClient    : DiscoveryClient_MSLEITOR/msleitor:fdedec50cfc87a7c38d1d1546a3f5996 - registration status: 204
2024-10-14T01:09:16.451-03:00  INFO 1718668 --- [msleitor] [org.springframework.amqp.rabbit.RabbitListenerEndpointContainer#0-2] o.s.a.r.l.SimpleMessageListenerContainer : Successfully waited for workers to finish.
2024-10-14T01:09:16.485-03:00  INFO 1718668 --- [msleitor] [Thread-9] j.LocalContainerEntityManagerFactoryBean : Closing JPA EntityManagerFactory for persistence unit 'default'
2024-10-14T01:09:16.496-03:00  INFO 1718668 --- [msleitor] [Thread-9] com.zaxxer.hikari.HikariDataSource       : HikariPool-2 - Shutdown initiated...
2024-10-14T01:09:16.498-03:00  INFO 1718668 --- [msleitor] [Thread-9] com.zaxxer.hikari.HikariDataSource       : HikariPool-2 - Shutdown completed.
2024-10-14T01:09:16.500-03:00  INFO 1718668 --- [msleitor] [Thread-9] com.netflix.discovery.DiscoveryClient    : Shutting down DiscoveryClient ...
2024-10-14T01:09:19.500-03:00  INFO 1718668 --- [msleitor] [Thread-9] com.netflix.discovery.DiscoveryClient    : Unregistering ...
2024-10-14T01:09:19.597-03:00  INFO 1718668 --- [msleitor] [Thread-9] com.netflix.discovery.DiscoveryClient    : DiscoveryClient_MSLEITOR/msleitor:fdedec50cfc87a7c38d1d1546a3f5996 - deregister  status: 200
2024-10-14T01:09:19.597-03:00  INFO 1718668 --- [msleitor] [Thread-9] com.netflix.discovery.DiscoveryClient    : Completed shut down of DiscoveryClient
2024-10-14T01:09:20.275-03:00  INFO 1718668 --- [msleitor] [restartedMain] i.g.c.msleitor.MsleitorApplication       : Starting MsleitorApplication using Java 17.0.10 with PID 1718668 (/home/credisfera/Documents/projetos-estudos/desafio-viasoft/msleitor/target/classes started by credisfera in /home/credisfera/Documents/projetos-estudos/desafio-viasoft/msleitor)
2024-10-14T01:09:20.276-03:00  INFO 1718668 --- [msleitor] [restartedMain] i.g.c.msleitor.MsleitorApplication       : The following 1 profile is active: "dev"
2024-10-14T01:09:20.478-03:00  INFO 1718668 --- [msleitor] [restartedMain] .s.d.r.c.RepositoryConfigurationDelegate : Bootstrapping Spring Data JPA repositories in DEFAULT mode.
2024-10-14T01:09:20.485-03:00  INFO 1718668 --- [msleitor] [restartedMain] .s.d.r.c.RepositoryConfigurationDelegate : Finished Spring Data repository scanning in 6 ms. Found 1 JPA repository interface.
2024-10-14T01:09:20.584-03:00  INFO 1718668 --- [msleitor] [restartedMain] o.s.cloud.context.scope.GenericScope     : BeanFactory id=f7c4b65d-5836-3861-a578-aebde2925f8f
2024-10-14T01:09:20.605-03:00  WARN 1718668 --- [msleitor] [restartedMain] trationDelegate$BeanPostProcessorChecker : Bean 'org.springframework.cloud.client.loadbalancer.LoadBalancerAutoConfiguration$DeferringLoadBalancerInterceptorConfig' of type [org.springframework.cloud.client.loadbalancer.LoadBalancerAutoConfiguration$DeferringLoadBalancerInterceptorConfig] is not eligible for getting processed by all BeanPostProcessors (for example: not eligible for auto-proxying). The currently created BeanPostProcessor [lbRestClientPostProcessor] is declared through a non-static factory method on that class; consider declaring it as static instead.
2024-10-14T01:09:20.606-03:00  WARN 1718668 --- [msleitor] [restartedMain] trationDelegate$BeanPostProcessorChecker : Bean 'deferringLoadBalancerInterceptor' of type [org.springframework.cloud.client.loadbalancer.DeferringLoadBalancerInterceptor] is not eligible for getting processed by all BeanPostProcessors (for example: not eligible for auto-proxying). Is this bean getting eagerly injected into a currently created BeanPostProcessor [lbRestClientPostProcessor]? Check the corresponding BeanPostProcessor declaration and its dependencies.
2024-10-14T01:09:20.667-03:00  INFO 1718668 --- [msleitor] [restartedMain] o.s.b.w.embedded.tomcat.TomcatWebServer  : Tomcat initialized with port 0 (http)
2024-10-14T01:09:20.668-03:00  INFO 1718668 --- [msleitor] [restartedMain] o.apache.catalina.core.StandardService   : Starting service [Tomcat]
2024-10-14T01:09:20.668-03:00  INFO 1718668 --- [msleitor] [restartedMain] o.apache.catalina.core.StandardEngine    : Starting Servlet engine: [Apache Tomcat/10.1.30]
2024-10-14T01:09:20.680-03:00  INFO 1718668 --- [msleitor] [restartedMain] o.a.c.c.C.[.[localhost].[/api/v1]        : Initializing Spring embedded WebApplicationContext
2024-10-14T01:09:20.680-03:00  INFO 1718668 --- [msleitor] [restartedMain] w.s.c.ServletWebServerApplicationContext : Root WebApplicationContext: initialization completed in 403 ms
2024-10-14T01:09:20.717-03:00  INFO 1718668 --- [msleitor] [restartedMain] o.hibernate.jpa.internal.util.LogHelper  : HHH000204: Processing PersistenceUnitInfo [name: default]
2024-10-14T01:09:20.719-03:00  INFO 1718668 --- [msleitor] [restartedMain] o.h.c.internal.RegionFactoryInitiator    : HHH000026: Second-level cache disabled
2024-10-14T01:09:20.728-03:00  INFO 1718668 --- [msleitor] [restartedMain] o.s.o.j.p.SpringPersistenceUnitInfo      : No LoadTimeWeaver setup: ignoring JPA class transformer
2024-10-14T01:09:20.729-03:00  INFO 1718668 --- [msleitor] [restartedMain] com.zaxxer.hikari.HikariDataSource       : HikariPool-3 - Starting...
2024-10-14T01:09:20.743-03:00  INFO 1718668 --- [msleitor] [restartedMain] com.zaxxer.hikari.pool.HikariPool        : HikariPool-3 - Added connection com.mysql.cj.jdbc.ConnectionImpl@3f142428
2024-10-14T01:09:20.743-03:00  INFO 1718668 --- [msleitor] [restartedMain] com.zaxxer.hikari.HikariDataSource       : HikariPool-3 - Start completed.
2024-10-14T01:09:20.776-03:00  INFO 1718668 --- [msleitor] [restartedMain] o.h.e.t.j.p.i.JtaPlatformInitiator       : HHH000489: No JTA platform available (set 'hibernate.transaction.jta.platform' to enable JTA platform integration)
2024-10-14T01:09:20.797-03:00  INFO 1718668 --- [msleitor] [restartedMain] j.LocalContainerEntityManagerFactoryBean : Initialized JPA EntityManagerFactory for persistence unit 'default'
2024-10-14T01:09:21.090-03:00  INFO 1718668 --- [msleitor] [restartedMain] o.s.b.d.a.OptionalLiveReloadServer       : LiveReload server is running on port 35729
2024-10-14T01:09:21.189-03:00  INFO 1718668 --- [msleitor] [restartedMain] DiscoveryClientOptionalArgsConfiguration : Eureka HTTP Client uses RestTemplate.
2024-10-14T01:09:21.204-03:00  WARN 1718668 --- [msleitor] [restartedMain] iguration$LoadBalancerCaffeineWarnLogger : Spring Cloud LoadBalancer is currently working with the default cache. While this cache implementation is useful for development and tests, it's recommended to use Caffeine cache in production.You can switch to using Caffeine cache, by adding it and org.springframework.cache.caffeine.CaffeineCacheManager to the classpath.
2024-10-14T01:09:21.238-03:00  INFO 1718668 --- [msleitor] [restartedMain] o.s.b.w.embedded.tomcat.TomcatWebServer  : Tomcat started on port 33501 (http) with context path '/api/v1'
2024-10-14T01:09:21.238-03:00  INFO 1718668 --- [msleitor] [restartedMain] .s.c.n.e.s.EurekaAutoServiceRegistration : Updating port to 33501
2024-10-14T01:09:21.239-03:00  INFO 1718668 --- [msleitor] [restartedMain] o.s.c.n.eureka.InstanceInfoFactory       : Setting initial instance status as: STARTING
2024-10-14T01:09:21.241-03:00  INFO 1718668 --- [msleitor] [restartedMain] com.netflix.discovery.DiscoveryClient    : Initializing Eureka in region us-east-1
2024-10-14T01:09:21.241-03:00  INFO 1718668 --- [msleitor] [restartedMain] c.n.d.s.r.aws.ConfigClusterResolver      : Resolving eureka endpoints via configuration
2024-10-14T01:09:21.242-03:00  INFO 1718668 --- [msleitor] [restartedMain] com.netflix.discovery.DiscoveryClient    : Disable delta property : false
2024-10-14T01:09:21.242-03:00  INFO 1718668 --- [msleitor] [restartedMain] com.netflix.discovery.DiscoveryClient    : Single vip registry refresh property : null
2024-10-14T01:09:21.242-03:00  INFO 1718668 --- [msleitor] [restartedMain] com.netflix.discovery.DiscoveryClient    : Force full registry fetch : false
2024-10-14T01:09:21.242-03:00  INFO 1718668 --- [msleitor] [restartedMain] com.netflix.discovery.DiscoveryClient    : Application is null : false
2024-10-14T01:09:21.242-03:00  INFO 1718668 --- [msleitor] [restartedMain] com.netflix.discovery.DiscoveryClient    : Registered Applications size is zero : true
2024-10-14T01:09:21.242-03:00  INFO 1718668 --- [msleitor] [restartedMain] com.netflix.discovery.DiscoveryClient    : Application version is -1: true
2024-10-14T01:09:21.242-03:00  INFO 1718668 --- [msleitor] [restartedMain] com.netflix.discovery.DiscoveryClient    : Getting all instance registry info from the eureka server
2024-10-14T01:09:21.349-03:00  INFO 1718668 --- [msleitor] [restartedMain] com.netflix.discovery.DiscoveryClient    : The response status is 200
2024-10-14T01:09:21.350-03:00  INFO 1718668 --- [msleitor] [restartedMain] com.netflix.discovery.DiscoveryClient    : Starting heartbeat executor: renew interval is: 30
2024-10-14T01:09:21.350-03:00  INFO 1718668 --- [msleitor] [restartedMain] c.n.discovery.InstanceInfoReplicator     : InstanceInfoReplicator onDemand update allowed rate per min is 4
2024-10-14T01:09:21.350-03:00  INFO 1718668 --- [msleitor] [restartedMain] com.netflix.discovery.DiscoveryClient    : Discovery Client initialized at timestamp 1728878961350 with initial instances count: 4
2024-10-14T01:09:21.352-03:00  INFO 1718668 --- [msleitor] [restartedMain] o.s.c.n.e.s.EurekaServiceRegistry        : Registering application MSLEITOR with eureka with status UP
2024-10-14T01:09:21.352-03:00  INFO 1718668 --- [msleitor] [restartedMain] com.netflix.discovery.DiscoveryClient    : Saw local status change event StatusChangeEvent [timestamp=1728878961352, current=UP, previous=STARTING]
2024-10-14T01:09:21.352-03:00  INFO 1718668 --- [msleitor] [DiscoveryClient-InstanceInfoReplicator-%d] com.netflix.discovery.DiscoveryClient    : DiscoveryClient_MSLEITOR/msleitor:ac5ad9a173d0138b93a8d44cb6ca7b1b: registering service...
2024-10-14T01:09:21.387-03:00  INFO 1718668 --- [msleitor] [restartedMain] o.s.a.r.c.CachingConnectionFactory       : Attempting to connect to: [localhost:5672]
2024-10-14T01:09:21.424-03:00  INFO 1718668 --- [msleitor] [restartedMain] o.s.a.r.c.CachingConnectionFactory       : Created new connection: rabbitConnectionFactory#6826d71c:0/SimpleConnection@4c64200e [delegate=amqp://clovis.gargione@127.0.0.1:5672/, localPort=41266]
2024-10-14T01:09:21.447-03:00  INFO 1718668 --- [msleitor] [restartedMain] i.g.c.msleitor.MsleitorApplication       : Started MsleitorApplication in 1.241 seconds (process running for 4717.996)
2024-10-14T01:09:21.450-03:00  INFO 1718668 --- [msleitor] [restartedMain] .ConditionEvaluationDeltaLoggingListener : Condition evaluation unchanged
2024-10-14T01:09:21.451-03:00  INFO 1718668 --- [msleitor] [DiscoveryClient-InstanceInfoReplicator-%d] com.netflix.discovery.DiscoveryClient    : DiscoveryClient_MSLEITOR/msleitor:ac5ad9a173d0138b93a8d44cb6ca7b1b - registration status: 204
2024-10-14T01:09:45.535-03:00  INFO 1718668 --- [msleitor] [File Watcher] rtingClassPathChangeChangedEventListener : Restarting due to 1 class path change (0 additions, 0 deletions, 1 modification)
2024-10-14T01:09:45.536-03:00  INFO 1718668 --- [msleitor] [Thread-15] o.s.c.n.e.s.EurekaServiceRegistry        : Unregistering application MSLEITOR with eureka with status DOWN
2024-10-14T01:09:45.536-03:00  INFO 1718668 --- [msleitor] [Thread-15] com.netflix.discovery.DiscoveryClient    : Saw local status change event StatusChangeEvent [timestamp=1728878985536, current=DOWN, previous=UP]
2024-10-14T01:09:45.536-03:00  INFO 1718668 --- [msleitor] [DiscoveryClient-InstanceInfoReplicator-%d] com.netflix.discovery.DiscoveryClient    : DiscoveryClient_MSLEITOR/msleitor:ac5ad9a173d0138b93a8d44cb6ca7b1b: registering service...
2024-10-14T01:09:45.539-03:00  INFO 1718668 --- [msleitor] [org.springframework.amqp.rabbit.RabbitListenerEndpointContainer#0-2] o.s.a.r.l.SimpleMessageListenerContainer : Waiting for workers to finish.
2024-10-14T01:09:45.641-03:00  INFO 1718668 --- [msleitor] [DiscoveryClient-InstanceInfoReplicator-%d] com.netflix.discovery.DiscoveryClient    : DiscoveryClient_MSLEITOR/msleitor:ac5ad9a173d0138b93a8d44cb6ca7b1b - registration status: 204
2024-10-14T01:09:46.443-03:00  INFO 1718668 --- [msleitor] [org.springframework.amqp.rabbit.RabbitListenerEndpointContainer#0-2] o.s.a.r.l.SimpleMessageListenerContainer : Successfully waited for workers to finish.
2024-10-14T01:09:46.457-03:00  INFO 1718668 --- [msleitor] [Thread-15] j.LocalContainerEntityManagerFactoryBean : Closing JPA EntityManagerFactory for persistence unit 'default'
2024-10-14T01:09:46.458-03:00  INFO 1718668 --- [msleitor] [Thread-15] com.zaxxer.hikari.HikariDataSource       : HikariPool-3 - Shutdown initiated...
2024-10-14T01:09:46.464-03:00  INFO 1718668 --- [msleitor] [Thread-15] com.zaxxer.hikari.HikariDataSource       : HikariPool-3 - Shutdown completed.
2024-10-14T01:09:46.465-03:00  INFO 1718668 --- [msleitor] [Thread-15] com.netflix.discovery.DiscoveryClient    : Shutting down DiscoveryClient ...
2024-10-14T01:09:49.466-03:00  INFO 1718668 --- [msleitor] [Thread-15] com.netflix.discovery.DiscoveryClient    : Unregistering ...
2024-10-14T01:09:49.579-03:00  INFO 1718668 --- [msleitor] [Thread-15] com.netflix.discovery.DiscoveryClient    : DiscoveryClient_MSLEITOR/msleitor:ac5ad9a173d0138b93a8d44cb6ca7b1b - deregister  status: 200
2024-10-14T01:09:49.580-03:00  INFO 1718668 --- [msleitor] [Thread-15] com.netflix.discovery.DiscoveryClient    : Completed shut down of DiscoveryClient
2024-10-14T01:09:49.705-03:00  INFO 1718668 --- [msleitor] [restartedMain] i.g.c.msleitor.MsleitorApplication       : Starting MsleitorApplication using Java 17.0.10 with PID 1718668 (/home/credisfera/Documents/projetos-estudos/desafio-viasoft/msleitor/target/classes started by credisfera in /home/credisfera/Documents/projetos-estudos/desafio-viasoft/msleitor)
2024-10-14T01:09:49.706-03:00  INFO 1718668 --- [msleitor] [restartedMain] i.g.c.msleitor.MsleitorApplication       : The following 1 profile is active: "dev"
2024-10-14T01:09:49.860-03:00  INFO 1718668 --- [msleitor] [restartedMain] .s.d.r.c.RepositoryConfigurationDelegate : Bootstrapping Spring Data JPA repositories in DEFAULT mode.
2024-10-14T01:09:49.864-03:00  INFO 1718668 --- [msleitor] [restartedMain] .s.d.r.c.RepositoryConfigurationDelegate : Finished Spring Data repository scanning in 3 ms. Found 1 JPA repository interface.
2024-10-14T01:09:49.914-03:00  INFO 1718668 --- [msleitor] [restartedMain] o.s.cloud.context.scope.GenericScope     : BeanFactory id=f7c4b65d-5836-3861-a578-aebde2925f8f
2024-10-14T01:09:49.933-03:00  WARN 1718668 --- [msleitor] [restartedMain] trationDelegate$BeanPostProcessorChecker : Bean 'org.springframework.cloud.client.loadbalancer.LoadBalancerAutoConfiguration$DeferringLoadBalancerInterceptorConfig' of type [org.springframework.cloud.client.loadbalancer.LoadBalancerAutoConfiguration$DeferringLoadBalancerInterceptorConfig] is not eligible for getting processed by all BeanPostProcessors (for example: not eligible for auto-proxying). The currently created BeanPostProcessor [lbRestClientPostProcessor] is declared through a non-static factory method on that class; consider declaring it as static instead.
2024-10-14T01:09:49.933-03:00  WARN 1718668 --- [msleitor] [restartedMain] trationDelegate$BeanPostProcessorChecker : Bean 'deferringLoadBalancerInterceptor' of type [org.springframework.cloud.client.loadbalancer.DeferringLoadBalancerInterceptor] is not eligible for getting processed by all BeanPostProcessors (for example: not eligible for auto-proxying). Is this bean getting eagerly injected into a currently created BeanPostProcessor [lbRestClientPostProcessor]? Check the corresponding BeanPostProcessor declaration and its dependencies.
2024-10-14T01:09:49.976-03:00  INFO 1718668 --- [msleitor] [restartedMain] o.s.b.w.embedded.tomcat.TomcatWebServer  : Tomcat initialized with port 0 (http)
2024-10-14T01:09:49.976-03:00  INFO 1718668 --- [msleitor] [restartedMain] o.apache.catalina.core.StandardService   : Starting service [Tomcat]
2024-10-14T01:09:49.976-03:00  INFO 1718668 --- [msleitor] [restartedMain] o.apache.catalina.core.StandardEngine    : Starting Servlet engine: [Apache Tomcat/10.1.30]
2024-10-14T01:09:49.990-03:00  INFO 1718668 --- [msleitor] [restartedMain] o.a.c.c.C.[.[localhost].[/api/v1]        : Initializing Spring embedded WebApplicationContext
2024-10-14T01:09:49.990-03:00  INFO 1718668 --- [msleitor] [restartedMain] w.s.c.ServletWebServerApplicationContext : Root WebApplicationContext: initialization completed in 283 ms
2024-10-14T01:09:50.020-03:00  INFO 1718668 --- [msleitor] [restartedMain] o.hibernate.jpa.internal.util.LogHelper  : HHH000204: Processing PersistenceUnitInfo [name: default]
2024-10-14T01:09:50.022-03:00  INFO 1718668 --- [msleitor] [restartedMain] o.h.c.internal.RegionFactoryInitiator    : HHH000026: Second-level cache disabled
2024-10-14T01:09:50.027-03:00  INFO 1718668 --- [msleitor] [restartedMain] o.s.o.j.p.SpringPersistenceUnitInfo      : No LoadTimeWeaver setup: ignoring JPA class transformer
2024-10-14T01:09:50.027-03:00  INFO 1718668 --- [msleitor] [restartedMain] com.zaxxer.hikari.HikariDataSource       : HikariPool-4 - Starting...
2024-10-14T01:09:50.036-03:00  INFO 1718668 --- [msleitor] [restartedMain] com.zaxxer.hikari.pool.HikariPool        : HikariPool-4 - Added connection com.mysql.cj.jdbc.ConnectionImpl@764c39c7
2024-10-14T01:09:50.036-03:00  INFO 1718668 --- [msleitor] [restartedMain] com.zaxxer.hikari.HikariDataSource       : HikariPool-4 - Start completed.
2024-10-14T01:09:50.059-03:00  INFO 1718668 --- [msleitor] [restartedMain] o.h.e.t.j.p.i.JtaPlatformInitiator       : HHH000489: No JTA platform available (set 'hibernate.transaction.jta.platform' to enable JTA platform integration)
2024-10-14T01:09:50.065-03:00  INFO 1718668 --- [msleitor] [restartedMain] j.LocalContainerEntityManagerFactoryBean : Initialized JPA EntityManagerFactory for persistence unit 'default'
2024-10-14T01:09:50.272-03:00  INFO 1718668 --- [msleitor] [restartedMain] o.s.b.d.a.OptionalLiveReloadServer       : LiveReload server is running on port 35729
2024-10-14T01:09:50.374-03:00  INFO 1718668 --- [msleitor] [restartedMain] DiscoveryClientOptionalArgsConfiguration : Eureka HTTP Client uses RestTemplate.
2024-10-14T01:09:50.388-03:00  WARN 1718668 --- [msleitor] [restartedMain] iguration$LoadBalancerCaffeineWarnLogger : Spring Cloud LoadBalancer is currently working with the default cache. While this cache implementation is useful for development and tests, it's recommended to use Caffeine cache in production.You can switch to using Caffeine cache, by adding it and org.springframework.cache.caffeine.CaffeineCacheManager to the classpath.
2024-10-14T01:09:50.410-03:00  INFO 1718668 --- [msleitor] [restartedMain] o.s.b.w.embedded.tomcat.TomcatWebServer  : Tomcat started on port 43425 (http) with context path '/api/v1'
2024-10-14T01:09:50.410-03:00  INFO 1718668 --- [msleitor] [restartedMain] .s.c.n.e.s.EurekaAutoServiceRegistration : Updating port to 43425
2024-10-14T01:09:50.411-03:00  INFO 1718668 --- [msleitor] [restartedMain] o.s.c.n.eureka.InstanceInfoFactory       : Setting initial instance status as: STARTING
2024-10-14T01:09:50.414-03:00  INFO 1718668 --- [msleitor] [restartedMain] com.netflix.discovery.DiscoveryClient    : Initializing Eureka in region us-east-1
2024-10-14T01:09:50.415-03:00  INFO 1718668 --- [msleitor] [restartedMain] c.n.d.s.r.aws.ConfigClusterResolver      : Resolving eureka endpoints via configuration
2024-10-14T01:09:50.415-03:00  INFO 1718668 --- [msleitor] [restartedMain] com.netflix.discovery.DiscoveryClient    : Disable delta property : false
2024-10-14T01:09:50.415-03:00  INFO 1718668 --- [msleitor] [restartedMain] com.netflix.discovery.DiscoveryClient    : Single vip registry refresh property : null
2024-10-14T01:09:50.415-03:00  INFO 1718668 --- [msleitor] [restartedMain] com.netflix.discovery.DiscoveryClient    : Force full registry fetch : false
2024-10-14T01:09:50.415-03:00  INFO 1718668 --- [msleitor] [restartedMain] com.netflix.discovery.DiscoveryClient    : Application is null : false
2024-10-14T01:09:50.415-03:00  INFO 1718668 --- [msleitor] [restartedMain] com.netflix.discovery.DiscoveryClient    : Registered Applications size is zero : true
2024-10-14T01:09:50.415-03:00  INFO 1718668 --- [msleitor] [restartedMain] com.netflix.discovery.DiscoveryClient    : Application version is -1: true
2024-10-14T01:09:50.415-03:00  INFO 1718668 --- [msleitor] [restartedMain] com.netflix.discovery.DiscoveryClient    : Getting all instance registry info from the eureka server
2024-10-14T01:09:50.519-03:00  INFO 1718668 --- [msleitor] [restartedMain] com.netflix.discovery.DiscoveryClient    : The response status is 200
2024-10-14T01:09:50.520-03:00  INFO 1718668 --- [msleitor] [restartedMain] com.netflix.discovery.DiscoveryClient    : Starting heartbeat executor: renew interval is: 30
2024-10-14T01:09:50.520-03:00  INFO 1718668 --- [msleitor] [restartedMain] c.n.discovery.InstanceInfoReplicator     : InstanceInfoReplicator onDemand update allowed rate per min is 4
2024-10-14T01:09:50.520-03:00  INFO 1718668 --- [msleitor] [restartedMain] com.netflix.discovery.DiscoveryClient    : Discovery Client initialized at timestamp 1728878990520 with initial instances count: 4
2024-10-14T01:09:50.522-03:00  INFO 1718668 --- [msleitor] [restartedMain] o.s.c.n.e.s.EurekaServiceRegistry        : Registering application MSLEITOR with eureka with status UP
2024-10-14T01:09:50.522-03:00  INFO 1718668 --- [msleitor] [restartedMain] com.netflix.discovery.DiscoveryClient    : Saw local status change event StatusChangeEvent [timestamp=1728878990522, current=UP, previous=STARTING]
2024-10-14T01:09:50.523-03:00  INFO 1718668 --- [msleitor] [DiscoveryClient-InstanceInfoReplicator-%d] com.netflix.discovery.DiscoveryClient    : DiscoveryClient_MSLEITOR/msleitor:af8331a51768875ebf2d53a031b20d47: registering service...
2024-10-14T01:09:50.558-03:00  INFO 1718668 --- [msleitor] [restartedMain] o.s.a.r.c.CachingConnectionFactory       : Attempting to connect to: [localhost:5672]
2024-10-14T01:09:50.564-03:00  INFO 1718668 --- [msleitor] [restartedMain] o.s.a.r.c.CachingConnectionFactory       : Created new connection: rabbitConnectionFactory#1fa796b3:0/SimpleConnection@475c20b3 [delegate=amqp://clovis.gargione@127.0.0.1:5672/, localPort=56744]
2024-10-14T01:09:50.579-03:00  INFO 1718668 --- [msleitor] [restartedMain] i.g.c.msleitor.MsleitorApplication       : Started MsleitorApplication in 0.938 seconds (process running for 4747.128)
2024-10-14T01:09:50.581-03:00  INFO 1718668 --- [msleitor] [restartedMain] .ConditionEvaluationDeltaLoggingListener : Condition evaluation unchanged
2024-10-14T01:09:50.620-03:00  INFO 1718668 --- [msleitor] [DiscoveryClient-InstanceInfoReplicator-%d] com.netflix.discovery.DiscoveryClient    : DiscoveryClient_MSLEITOR/msleitor:af8331a51768875ebf2d53a031b20d47 - registration status: 204
2024-10-14T01:10:22.823-03:00  INFO 1718668 --- [msleitor] [http-nio-auto-4-exec-1] o.a.c.c.C.[.[localhost].[/api/v1]        : Initializing Spring DispatcherServlet 'dispatcherServlet'
2024-10-14T01:10:22.823-03:00  INFO 1718668 --- [msleitor] [http-nio-auto-4-exec-1] o.s.web.servlet.DispatcherServlet        : Initializing Servlet 'dispatcherServlet'
2024-10-14T01:10:22.825-03:00  INFO 1718668 --- [msleitor] [http-nio-auto-4-exec-1] o.s.web.servlet.DispatcherServlet        : Completed initialization in 2 ms
2024-10-14T01:10:23.137-03:00  INFO 1718668 --- [msleitor] [http-nio-auto-4-exec-9] o.springdoc.api.AbstractOpenApiResource  : Init duration for springdoc-openapi is: 89 ms
2024-10-14T01:14:50.416-03:00  INFO 1718668 --- [msleitor] [AsyncResolver-bootstrap-executor-%d] c.n.d.s.r.aws.ConfigClusterResolver      : Resolving eureka endpoints via configuration
2024-10-14T01:18:09.546-03:00  INFO 1718668 --- [msleitor] [RMI TCP Connection(120)-127.0.0.1] inMXBeanRegistrar$SpringApplicationAdmin : Application shutdown requested.
2024-10-14T01:18:09.549-03:00  INFO 1718668 --- [msleitor] [RMI TCP Connection(120)-127.0.0.1] o.s.c.n.e.s.EurekaServiceRegistry        : Unregistering application MSLEITOR with eureka with status DOWN
2024-10-14T01:18:09.550-03:00  INFO 1718668 --- [msleitor] [RMI TCP Connection(120)-127.0.0.1] com.netflix.discovery.DiscoveryClient    : Saw local status change event StatusChangeEvent [timestamp=1728879489549, current=DOWN, previous=UP]
2024-10-14T01:18:09.550-03:00  INFO 1718668 --- [msleitor] [DiscoveryClient-InstanceInfoReplicator-%d] com.netflix.discovery.DiscoveryClient    : DiscoveryClient_MSLEITOR/msleitor:af8331a51768875ebf2d53a031b20d47: registering service...
2024-10-14T01:18:09.558-03:00  INFO 1718668 --- [msleitor] [org.springframework.amqp.rabbit.RabbitListenerEndpointContainer#0-2] o.s.a.r.l.SimpleMessageListenerContainer : Waiting for workers to finish.
2024-10-14T01:18:09.633-03:00  INFO 1718668 --- [msleitor] [org.springframework.amqp.rabbit.RabbitListenerEndpointContainer#0-2] o.s.a.r.l.SimpleMessageListenerContainer : Successfully waited for workers to finish.
2024-10-14T01:18:09.639-03:00  INFO 1718668 --- [msleitor] [RMI TCP Connection(120)-127.0.0.1] j.LocalContainerEntityManagerFactoryBean : Closing JPA EntityManagerFactory for persistence unit 'default'
2024-10-14T01:18:09.639-03:00  INFO 1718668 --- [msleitor] [RMI TCP Connection(120)-127.0.0.1] com.zaxxer.hikari.HikariDataSource       : HikariPool-4 - Shutdown initiated...
2024-10-14T01:18:09.642-03:00  INFO 1718668 --- [msleitor] [RMI TCP Connection(120)-127.0.0.1] com.zaxxer.hikari.HikariDataSource       : HikariPool-4 - Shutdown completed.
2024-10-14T01:18:09.643-03:00  INFO 1718668 --- [msleitor] [RMI TCP Connection(120)-127.0.0.1] com.netflix.discovery.DiscoveryClient    : Shutting down DiscoveryClient ...
2024-10-14T01:18:09.658-03:00  INFO 1718668 --- [msleitor] [DiscoveryClient-InstanceInfoReplicator-%d] com.netflix.discovery.DiscoveryClient    : DiscoveryClient_MSLEITOR/msleitor:af8331a51768875ebf2d53a031b20d47 - registration status: 204
2024-10-14T01:18:09.659-03:00  INFO 1718668 --- [msleitor] [RMI TCP Connection(120)-127.0.0.1] com.netflix.discovery.DiscoveryClient    : Unregistering ...
2024-10-14T01:18:09.749-03:00  INFO 1718668 --- [msleitor] [RMI TCP Connection(120)-127.0.0.1] com.netflix.discovery.DiscoveryClient    : DiscoveryClient_MSLEITOR/msleitor:af8331a51768875ebf2d53a031b20d47 - deregister  status: 200
2024-10-14T01:18:09.750-03:00  INFO 1718668 --- [msleitor] [RMI TCP Connection(120)-127.0.0.1] com.netflix.discovery.DiscoveryClient    : Completed shut down of DiscoveryClient
